Arguments: 
  /Users/liqun_tang/.nvm/versions/node/v10.15.3/bin/node /usr/local/bin/yarn init 0y

PATH: 
  /usr/local/opt/sqlite/bin:/Users/liqun_tang/.rbenv/shims:/usr/local/opt/ruby/bin:/usr/local/Cellar/node/10.10.0/bin:/Users/liqun_tang/.nvm/versions/node/v10.15.3/bin:/Users/liqun_tang/.nvm/versions/node/v10.15.3/bin:/Users/liqun_tang/Documents/_APPLICATIONS:/Applications/CMake.app/Contents/bin:/usr/local/opt/icu4c/sbin:/usr/local/opt/icu4c/bin:/usr/local/opt/openssl/bin:/usr/local/opt/gettext/bin:/Users/liqun_tang/.cargo/bin:/usr/local/opt/php@7.2/sbin:/usr/local/opt/php@7.2/bin:/usr/local/sbin:/Users/liqun_tang/.composer/vendor/bin:/usr/local/bin:/usr/bin:/bin:/usr/sbin:/sbin:/usr/local/share/dotnet:/opt/X11/bin:~/.dotnet/tools:/Library/Frameworks/Mono.framework/Versions/Current/Commands:/Applications/Wireshark.app/Contents/MacOS:/Applications/Xamarin Workbooks.app/Contents/SharedSupport/path-bin:/usr/local/opt/sqlite/bin:/Users/liqun_tang/.rbenv/shims:/usr/local/opt/ruby/bin:/usr/local/Cellar/node/10.10.0/bin:/Users/liqun_tang/.nvm/versions/node/v10.15.3/bin:/Users/liqun_tang/Documents/_APPLICATIONS:/Applications/CMake.app/Contents/bin:/usr/local/opt/icu4c/sbin:/usr/local/opt/icu4c/bin:/usr/local/opt/openssl/bin:/usr/local/opt/gettext/bin:/Users/liqun_tang/.cargo/bin:/Users/liqun_tang/Documents/_APPLICATIONS/google-cloud-sdk/bin:/usr/local/opt/php@7.2/sbin:/usr/local/opt/php@7.2/bin:/usr/local/sbin:/Users/liqun_tang/.composer/vendor/bin:/Users/liqun_tang/Documents/_APPLICATIONS/flutter/bin:/Users/liqun_tang/Documents/_APPLICATIONS/flutter/bin

Yarn version: 
  1.7.0

Node version: 
  10.15.3

Platform: 
  darwin x64

Trace: 
  Error: canceled
      at Interface.<anonymous> (/usr/local/lib/node_modules/yarn/lib/cli.js:131036:13)
      at Interface.emit (events.js:189:13)
      at Interface._ttyWrite (readline.js:783:16)
      at ReadStream.onkeypress (readline.js:168:10)
      at ReadStream.emit (events.js:189:13)
      at emitKeys (internal/readline.js:424:14)
      at emitKeys.next (<anonymous>)
      at ReadStream.onData (readline.js:1022:36)
      at ReadStream.emit (events.js:189:13)
      at addChunk (_stream_readable.js:284:12)

npm manifest: 
  No manifest

yarn manifest: 
  No manifest

Lockfile: 
  No lockfile
